<?xml version="1.0" encoding="UTF-8"?>
<!-- Generated by org.testng.reporters.JUnitReportReporter -->
<testsuite hostname="Roshan99" failures="0" tests="1" name="TestingNG.InvokeChromeBrowser" time="4.740" errors="0" timestamp="2024-02-27T11:32:01 IST" skipped="0">
  <testcase classname="TestingNG.InvokeChromeBrowser" name="invokechrome" time="4.740"/>
  <system-out/>
</testsuite> <!-- TestingNG.InvokeChromeBrowser -->
