<?xml version="1.0" encoding="UTF-8"?>
<!-- Generated by org.testng.reporters.JUnitReportReporter -->
<testsuite hostname="Roshan99" failures="0" tests="1" name="TestingNG.Parameterized" time="5.009" errors="0" timestamp="2024-02-26T17:13:49 IST" skipped="0">
  <testcase classname="TestingNG.Parameterized" name="parameterizedtest" time="5.009"/>
  <system-out/>
</testsuite> <!-- TestingNG.Parameterized -->
