<?xml version="1.0" encoding="UTF-8"?>
<!-- Generated by org.testng.reporters.JUnitReportReporter -->
<testsuite hostname="Roshan99" failures="0" tests="1" name="TestingNG.InvokeEdgeBrowser" time="2.835" errors="0" timestamp="2024-02-28T15:30:36 IST" skipped="0">
  <testcase classname="TestingNG.InvokeEdgeBrowser" name="invokeEdge" time="2.835"/>
  <system-out/>
</testsuite> <!-- TestingNG.InvokeEdgeBrowser -->
