<?xml version="1.0" encoding="UTF-8"?>
<!-- Generated by org.testng.reporters.JUnitReportReporter -->
<testsuite hostname="Roshan99" failures="0" tests="2" name="TestingNG.Grouping" time="0.012" errors="0" timestamp="2024-02-26T16:28:37 IST" skipped="0">
  <testcase classname="TestingNG.Grouping" name="AddTocart" time="0.010"/>
  <system-out/>
  <testcase classname="TestingNG.Grouping" name="PaymentGetway" time="0.002"/>
  <system-out/>
</testsuite> <!-- TestingNG.Grouping -->
