<?xml version="1.0" encoding="UTF-8"?>
<!-- Generated by org.testng.reporters.JUnitReportReporter -->
<testsuite hostname="Roshan99" failures="0" tests="3" name="TestingNG.Enable" time="0.009" errors="0" timestamp="2024-02-26T14:47:01 IST" skipped="1">
  <testcase classname="TestingNG.Enable" name="testcase3" time="0.007"/>
  <system-out/>
  <testcase classname="TestingNG.Enable" name="testcase1" time="0.002"/>
  <system-out/>
  <testcase classname="TestingNG.Enable" name="testcase2">
    <skipped/>
  </testcase> <!-- testcase2 -->
  <system-out/>
</testsuite> <!-- TestingNG.Enable -->
