<?xml version="1.0" encoding="UTF-8"?>
<!-- Generated by org.testng.reporters.JUnitReportReporter -->
<testsuite hostname="Roshan99" failures="0" tests="1" name="TestingNG.Firefox" time="5.328" errors="0" timestamp="2024-02-28T15:30:36 IST" skipped="0">
  <testcase classname="TestingNG.Firefox" name="invokefirefox" time="5.328"/>
  <system-out/>
</testsuite> <!-- TestingNG.Firefox -->
