<?xml version="1.0" encoding="UTF-8"?>
<!-- Generated by org.testng.reporters.JUnitReportReporter -->
<testsuite hostname="Roshan99" failures="0" tests="2" name="TestingNG.Parallel" time="7.300" errors="0" timestamp="2024-02-26T17:24:17 IST" skipped="0">
  <testcase classname="TestingNG.Parallel" name="invokechrome" time="3.193"/>
  <system-out/>
  <testcase classname="TestingNG.Parallel" name="InvokeMicrosoftedge" time="4.107"/>
  <system-out/>
</testsuite> <!-- TestingNG.Parallel -->
