<?xml version="1.0" encoding="UTF-8"?>
<!-- Generated by org.testng.reporters.JUnitReportReporter -->
<testsuite hostname="Roshan99" failures="0" tests="4" name="TestingNG.Annotations" time="0.019" errors="0" timestamp="2024-02-27T11:39:34 IST" skipped="0">
  <testcase classname="TestingNG.Annotations" name="testcase1" time="0.008"/>
  <system-out/>
  <testcase classname="TestingNG.Annotations" name="testcase2" time="0.007"/>
  <system-out/>
  <testcase classname="TestingNG.Annotations" name="testcase4" time="0.002"/>
  <system-out/>
  <testcase classname="TestingNG.Annotations" name="testcase3" time="0.002"/>
  <system-out/>
</testsuite> <!-- TestingNG.Annotations -->
