<?xml version="1.0" encoding="UTF-8"?>
<!-- Generated by org.testng.reporters.JUnitReportReporter -->
<testsuite hostname="Roshan99" failures="0" tests="3" name="TestingNG.Priority" time="0.011" errors="0" timestamp="2024-02-26T14:54:20 IST" skipped="0">
  <testcase classname="TestingNG.Priority" name="testcase3" time="0.009"/>
  <system-out/>
  <testcase classname="TestingNG.Priority" name="testcase1" time="0.001"/>
  <system-out/>
  <testcase classname="TestingNG.Priority" name="testcase2" time="0.001"/>
  <system-out/>
</testsuite> <!-- TestingNG.Priority -->
