<?xml version="1.0" encoding="UTF-8"?>
<!-- Generated by org.testng.reporters.JUnitReportReporter -->
<testsuite hostname="Roshan99" failures="0" tests="1" name="TestingNG.NewTest" time="0.001" errors="0" timestamp="2024-02-26T15:04:03 IST" skipped="0">
  <testcase classname="TestingNG.NewTest" name="testcase1testng" time="0.001"/>
  <system-out/>
</testsuite> <!-- TestingNG.NewTest -->
