<?xml version="1.0" encoding="UTF-8"?>
<!-- Generated by org.testng.reporters.JUnitReportReporter -->
<testsuite hostname="Roshan99" failures="0" tests="1" name="TestingNG.InvokeChromeBrowser" time="3.814" errors="0" timestamp="2024-02-28T15:06:00 IST" skipped="0">
  <testcase classname="TestingNG.InvokeChromeBrowser" name="invokechrome" time="3.814"/>
  <system-out/>
</testsuite> <!-- TestingNG.InvokeChromeBrowser -->
