<?xml version="1.0" encoding="UTF-8"?>
<!-- Generated by org.testng.reporters.JUnitReportReporter -->
<testsuite hostname="Roshan99" failures="0" tests="1" name="TestingNG.Firefox" time="7.851" errors="0" timestamp="2024-02-28T15:21:52 IST" skipped="0">
  <testcase classname="TestingNG.Firefox" name="invokefirefox" time="7.851"/>
  <system-out/>
</testsuite> <!-- TestingNG.Firefox -->
