<?xml version="1.0" encoding="UTF-8"?>
<!-- Generated by org.testng.reporters.JUnitReportReporter -->
<testsuite hostname="Roshan99" failures="0" tests="1" name="TestingNG.ListenerTestClass" time="1.966" errors="0" timestamp="2024-02-28T15:21:52 IST" skipped="0">
  <testcase classname="TestingNG.ListenerTestClass" name="invokechrome" time="1.966"/>
  <system-out/>
</testsuite> <!-- TestingNG.ListenerTestClass -->
