<?xml version="1.0" encoding="UTF-8"?>
<!-- Generated by org.testng.reporters.JUnitReportReporter -->
<testsuite hostname="Roshan99" failures="0" tests="1" name="TestingNG.InvokeChromeBrowser" time="5.439" errors="0" timestamp="2024-02-28T11:35:26 IST" skipped="0">
  <testcase classname="TestingNG.InvokeChromeBrowser" name="invokechrome" time="5.439"/>
  <system-out/>
</testsuite> <!-- TestingNG.InvokeChromeBrowser -->
