<?xml version="1.0" encoding="UTF-8"?>
<!-- Generated by org.testng.reporters.JUnitReportReporter -->
<testsuite hostname="Roshan99" failures="0" tests="1" name="TestingNG.ListenerTestClass" time="2.233" errors="0" timestamp="2024-02-28T11:35:26 IST" skipped="0">
  <testcase classname="TestingNG.ListenerTestClass" name="invokechrome" time="2.233"/>
  <system-out/>
</testsuite> <!-- TestingNG.ListenerTestClass -->
